e:\dropbox\src\rcbot2\utils\rcbot2\release\vc120.pdb
e:\dropbox\src\rcbot2\utils\rcbot2\release\bot_kv.obj
e:\dropbox\src\rcbot2\utils\rcbot2\release\bot_hldm_bot.obj
e:\dropbox\src\rcbot2\utils\rcbot2\release\bot_hl1dmsrc.obj
e:\dropbox\src\rcbot2\utils\rcbot2\release\bot_globals.obj
e:\dropbox\src\rcbot2\utils\rcbot2\release\bot_getprop.obj
e:\dropbox\src\rcbot2\utils\rcbot2\release\bot_ga_ind.obj
e:\dropbox\src\rcbot2\utils\rcbot2\release\bot_ga.obj
e:\dropbox\src\rcbot2\utils\rcbot2\release\bot_fortress.obj
e:\dropbox\src\rcbot2\utils\rcbot2\release\bot_events.obj
e:\dropbox\src\rcbot2\utils\rcbot2\release\bot_dod_mod.obj
e:\dropbox\src\rcbot2\utils\rcbot2\release\bot_dod_bot.obj
e:\dropbox\src\rcbot2\utils\rcbot2\release\bot_css_bot.obj
e:\dropbox\src\rcbot2\utils\rcbot2\release\bot_coop.obj
e:\dropbox\src\rcbot2\utils\rcbot2\release\bot_configfile.obj
e:\dropbox\src\rcbot2\utils\rcbot2\release\bot_commands.obj
e:\dropbox\src\rcbot2\utils\rcbot2\release\bot_client.obj
e:\dropbox\src\rcbot2\utils\rcbot2\release\bot_buttons.obj
e:\dropbox\src\rcbot2\utils\rcbot2\release\bot_accessclient.obj
e:\dropbox\src\rcbot2\utils\rcbot2\release\bot.obj
e:\dropbox\src\rcbot2\utils\rcbot2\release\bot_waypoint_visibility.obj
e:\dropbox\src\rcbot2\utils\rcbot2\release\bot_waypoint_locations.obj
e:\dropbox\src\rcbot2\utils\rcbot2\release\bot_waypoint.obj
e:\dropbox\src\rcbot2\utils\rcbot2\release\bot_visibles.obj
e:\dropbox\src\rcbot2\utils\rcbot2\release\bot_utility.obj
e:\dropbox\src\rcbot2\utils\rcbot2\release\bot_usercmd.obj
e:\dropbox\src\rcbot2\utils\rcbot2\release\bot_tf2_points.obj
e:\dropbox\src\rcbot2\utils\rcbot2\release\bot_tf2_mod.obj
e:\dropbox\src\rcbot2\utils\rcbot2\release\bot_task.obj
e:\dropbox\src\rcbot2\utils\rcbot2\release\bot_som.obj
e:\dropbox\src\rcbot2\utils\rcbot2\release\bot_schedule.obj
e:\dropbox\src\rcbot2\utils\rcbot2\release\bot_profiling.obj
e:\dropbox\src\rcbot2\utils\rcbot2\release\bot_profile.obj
e:\dropbox\src\rcbot2\utils\rcbot2\release\bot_perceptron.obj
e:\dropbox\src\rcbot2\utils\rcbot2\release\bot_navmesh.obj
e:\dropbox\src\rcbot2\utils\rcbot2\release\bot_mtrand.obj
e:\dropbox\src\rcbot2\utils\rcbot2\release\bot_mods.obj
e:\dropbox\src\rcbot2\utils\rcbot2\release\bot_menu.obj
e:\dropbox\src\rcbot2\utils\rcbot2\release\bot_zombie.obj
e:\dropbox\src\rcbot2\utils\rcbot2\release\bot_wpt_dist.obj
e:\dropbox\src\rcbot2\utils\rcbot2\release\bot_weapons.obj
e:\dropbox\src\rcbot2\utils\rcbot2\release_nonhomefolder\hpb_bot2.tlog\cl.command.1.tlog
e:\dropbox\src\rcbot2\utils\rcbot2\release_nonhomefolder\hpb_bot2.tlog\cl.read.1.tlog
e:\dropbox\src\rcbot2\utils\rcbot2\release_nonhomefolder\hpb_bot2.tlog\cl.write.1.tlog
